<?xml version="1.0" encoding="UTF-8"?>
<testsuite xmlns:xsi="http://www.w3.org/2001/XMLSchema-instance" xsi:noNamespaceSchemaLocation="https://maven.apache.org/surefire/maven-surefire-plugin/xsd/surefire-test-report.xsd" name="com.india.ecommerce.EcommerceApplicationTests" time="36.276" tests="4" errors="0" skipped="0" failures="0">
  <properties>
[...]
</properties>
  <testcase name="buyProductsTest" classname="com.india.ecommerce.EcommerceApplicationTests" time="0.407"/>
  <testcase name="buyProductsTest2" classname="com.india.ecommerce.EcommerceApplicationTests" time="0.032"/>
  <testcase name="getorderdetailsTest" classname="com.india.ecommerce.EcommerceApplicationTests" time="0.031"/>
  <testcase name="searchProductTest" classname="com.india.ecommerce.EcommerceApplicationTests" time="0.064"/>
</testsuite>